{"/home/geoffrey_wong/gemini-cli/projects/example-todo-app/frontend/src/components/FilterBar.vue": {"path":"/home/geoffrey_wong/gemini-cli/projects/example-todo-app/frontend/src/components/FilterBar.vue","statementMap":{"0":{"start":{"line":4,"column":13},"end":{"line":4,"column":null}},"1":{"start":{"line":5,"column":6},"end":{"line":12,"column":null}},"2":{"start":{"line":14,"column":0},"end":{"line":18,"column":null}},"3":{"start":{"line":16,"column":18},"end":{"line":16,"column":null}},"4":{"start":{"line":16,"column":83},"end":{"line":16,"column":92}},"5":{"start":{"line":17,"column":2},"end":{"line":17,"column":null}},"6":{"start":{"line":22,"column":7},"end":{"line":22,"column":64}},"7":{"start":{"line":44,"column":9},"end":{"line":44,"column":48}},"8":{"start":{"line":22,"column":2},"end":{"line":52,"column":38}},"9":{"start":{"line":23,"column":21},"end":{"line":23,"column":37}},"10":{"start":{"line":29,"column":21},"end":{"line":29,"column":39}},"11":{"start":{"line":35,"column":21},"end":{"line":35,"column":41}},"12":{"start":{"line":40,"column":21},"end":{"line":40,"column":41}},"13":{"start":{"line":46,"column":23},"end":{"line":46,"column":40}},"14":{"start":{"line":52,"column":23},"end":{"line":52,"column":38}}},"fnMap":{"0":{"name":"(anonymous_0)","decl":{"start":{"line":14,"column":6},"end":{"line":14,"column":16}},"loc":{"start":{"line":14,"column":31},"end":{"line":18,"column":5}},"line":14},"1":{"name":"(anonymous_1)","decl":{"start":{"line":16,"column":64},"end":{"line":16,"column":72}},"loc":{"start":{"line":16,"column":83},"end":{"line":16,"column":92}},"line":16},"2":{"name":"(anonymous_2)","decl":{"start":{"line":23,"column":21},"end":{"line":23,"column":29}},"loc":{"start":{"line":23,"column":21},"end":{"line":23,"column":37}},"line":23},"3":{"name":"(anonymous_3)","decl":{"start":{"line":29,"column":21},"end":{"line":29,"column":29}},"loc":{"start":{"line":29,"column":21},"end":{"line":29,"column":39}},"line":29},"4":{"name":"(anonymous_4)","decl":{"start":{"line":35,"column":21},"end":{"line":35,"column":29}},"loc":{"start":{"line":35,"column":21},"end":{"line":35,"column":41}},"line":35},"5":{"name":"(anonymous_5)","decl":{"start":{"line":40,"column":21},"end":{"line":40,"column":29}},"loc":{"start":{"line":40,"column":21},"end":{"line":40,"column":41}},"line":40},"6":{"name":"(anonymous_6)","decl":{"start":{"line":46,"column":23},"end":{"line":46,"column":31}},"loc":{"start":{"line":46,"column":23},"end":{"line":46,"column":40}},"line":46},"7":{"name":"(anonymous_7)","decl":{"start":{"line":52,"column":23},"end":{"line":52,"column":31}},"loc":{"start":{"line":52,"column":23},"end":{"line":52,"column":38}},"line":52}},"branchMap":{"0":{"loc":{"start":{"line":23,"column":21},"end":{"line":23,"column":37}},"type":"binary-expr","locations":[{"start":{"line":23,"column":21},"end":{"line":23,"column":29}},{"start":{"line":23,"column":21},"end":{"line":23,"column":37}}],"line":23},"1":{"loc":{"start":{"line":29,"column":21},"end":{"line":29,"column":39}},"type":"binary-expr","locations":[{"start":{"line":29,"column":21},"end":{"line":29,"column":29}},{"start":{"line":29,"column":21},"end":{"line":29,"column":39}}],"line":29},"2":{"loc":{"start":{"line":35,"column":21},"end":{"line":35,"column":41}},"type":"binary-expr","locations":[{"start":{"line":35,"column":21},"end":{"line":35,"column":29}},{"start":{"line":35,"column":21},"end":{"line":35,"column":41}}],"line":35},"3":{"loc":{"start":{"line":40,"column":21},"end":{"line":40,"column":41}},"type":"binary-expr","locations":[{"start":{"line":40,"column":21},"end":{"line":40,"column":29}},{"start":{"line":40,"column":21},"end":{"line":40,"column":41}}],"line":40},"4":{"loc":{"start":{"line":41,"column":6},"end":{"line":42,"column":54}},"type":"binary-expr","locations":[{"start":{"line":41,"column":6},"end":{"line":41,"column":14}},{"start":{"line":41,"column":6},"end":{"line":42,"column":54}}],"line":41},"5":{"loc":{"start":{"line":45,"column":6},"end":{"line":45,"column":69}},"type":"binary-expr","locations":[{"start":{"line":45,"column":6},"end":{"line":45,"column":12}},{"start":{"line":45,"column":6},"end":{"line":45,"column":69}}],"line":45},"6":{"loc":{"start":{"line":46,"column":23},"end":{"line":46,"column":40}},"type":"binary-expr","locations":[{"start":{"line":46,"column":23},"end":{"line":46,"column":31}},{"start":{"line":46,"column":23},"end":{"line":46,"column":40}}],"line":46},"7":{"loc":{"start":{"line":52,"column":23},"end":{"line":52,"column":38}},"type":"binary-expr","locations":[{"start":{"line":52,"column":23},"end":{"line":52,"column":31}},{"start":{"line":52,"column":23},"end":{"line":52,"column":38}}],"line":52},"8":{"loc":{"start":{"line":53,"column":8},"end":{"line":54,"column":48}},"type":"binary-expr","locations":[{"start":{"line":53,"column":8},"end":{"line":53,"column":16}},{"start":{"line":53,"column":8},"end":{"line":54,"column":48}}],"line":53}},"s":{"0":6,"1":6,"2":6,"3":8,"4":48,"5":8,"6":1,"7":1,"8":14,"9":4,"10":1,"11":0,"12":1,"13":1,"14":1},"f":{"0":8,"1":48,"2":4,"3":1,"4":0,"5":1,"6":1,"7":1},"b":{"0":[14,6],"1":[14,6],"2":[14,6],"3":[14,6],"4":[14,6],"5":[14,6],"6":[14,6],"7":[14,6],"8":[14,6]},"meta":{"lastBranch":9,"lastFunction":8,"lastStatement":15,"seen":{"s:4:13:4:Infinity":0,"s:5:6:12:Infinity":1,"s:14:0:18:Infinity":2,"f:14:6:14:16":0,"s:16:18:16:Infinity":3,"f:16:64:16:72":1,"s:16:83:16:92":4,"s:17:2:17:Infinity":5,"s:22:7:22:64":6,"s:44:9:44:48":7,"s:22:2:52:38":8,"b:23:21:23:29:23:21:23:37":0,"f:23:21:23:29":2,"s:23:21:23:37":9,"b:29:21:29:29:29:21:29:39":1,"f:29:21:29:29":3,"s:29:21:29:39":10,"b:35:21:35:29:35:21:35:41":2,"f:35:21:35:29":4,"s:35:21:35:41":11,"b:40:21:40:29:40:21:40:41":3,"f:40:21:40:29":5,"s:40:21:40:41":12,"b:41:6:41:14:41:6:42:54":4,"b:45:6:45:12:45:6:45:69":5,"b:46:23:46:31:46:23:46:40":6,"f:46:23:46:31":6,"s:46:23:46:40":13,"b:52:23:52:31:52:23:52:38":7,"f:52:23:52:31":7,"s:52:23:52:38":14,"b:53:8:53:16:53:8:54:48":8}}}
,"/home/geoffrey_wong/gemini-cli/projects/example-todo-app/frontend/src/components/RRuleGenerator.vue": {"path":"/home/geoffrey_wong/gemini-cli/projects/example-todo-app/frontend/src/components/RRuleGenerator.vue","statementMap":{"0":{"start":{"line":4,"column":14},"end":{"line":4,"column":null}},"1":{"start":{"line":5,"column":13},"end":{"line":5,"column":null}},"2":{"start":{"line":7,"column":6},"end":{"line":7,"column":24}},"3":{"start":{"line":8,"column":6},"end":{"line":8,"column":22}},"4":{"start":{"line":10,"column":0},"end":{"line":17,"column":null}},"5":{"start":{"line":11,"column":2},"end":{"line":15,"column":null}},"6":{"start":{"line":12,"column":4},"end":{"line":15,"column":null}},"7":{"start":{"line":12,"column":49},"end":{"line":12,"column":null}},"8":{"start":{"line":13,"column":13},"end":{"line":15,"column":null}},"9":{"start":{"line":13,"column":55},"end":{"line":13,"column":null}},"10":{"start":{"line":14,"column":13},"end":{"line":15,"column":null}},"11":{"start":{"line":14,"column":56},"end":{"line":14,"column":null}},"12":{"start":{"line":15,"column":9},"end":{"line":15,"column":null}},"13":{"start":{"line":19,"column":0},"end":{"line":29,"column":null}},"14":{"start":{"line":20,"column":2},"end":{"line":22,"column":null}},"15":{"start":{"line":21,"column":4},"end":{"line":21,"column":null}},"16":{"start":{"line":22,"column":4},"end":{"line":22,"column":null}},"17":{"start":{"line":24,"column":2},"end":{"line":24,"column":null}},"18":{"start":{"line":24,"column":36},"end":{"line":24,"column":null}},"19":{"start":{"line":26,"column":13},"end":{"line":26,"column":null}},"20":{"start":{"line":27,"column":2},"end":{"line":27,"column":null}},"21":{"start":{"line":27,"column":26},"end":{"line":27,"column":null}},"22":{"start":{"line":28,"column":2},"end":{"line":28,"column":null}},"23":{"start":{"line":33,"column":7},"end":{"line":33,"column":54}},"24":{"start":{"line":34,"column":9},"end":{"line":34,"column":54}},"25":{"start":{"line":46,"column":14},"end":{"line":46,"column":55}},"26":{"start":{"line":33,"column":2},"end":{"line":58,"column":null}},"27":{"start":{"line":35,"column":23},"end":{"line":35,"column":34}},"28":{"start":{"line":45,"column":38},"end":{"line":45,"column":48}},"29":{"start":{"line":55,"column":16},"end":{"line":55,"column":83}}},"fnMap":{"0":{"name":"(anonymous_0)","decl":{"start":{"line":10,"column":0},"end":{"line":10,"column":16}},"loc":{"start":{"line":10,"column":16},"end":{"line":17,"column":null}},"line":10},"1":{"name":"(anonymous_1)","decl":{"start":{"line":19,"column":27},"end":{"line":19,"column":35}},"loc":{"start":{"line":19,"column":35},"end":{"line":29,"column":null}},"line":19},"2":{"name":"(anonymous_2)","decl":{"start":{"line":35,"column":23},"end":{"line":35,"column":32}},"loc":{"start":{"line":35,"column":23},"end":{"line":35,"column":34}},"line":35},"3":{"name":"(anonymous_3)","decl":{"start":{"line":45,"column":38},"end":{"line":45,"column":46}},"loc":{"start":{"line":45,"column":38},"end":{"line":45,"column":48}},"line":45},"4":{"name":"(anonymous_4)","decl":{"start":{"line":55,"column":14},"end":{"line":55,"column":16}},"loc":{"start":{"line":55,"column":16},"end":{"line":55,"column":83}},"line":55}},"branchMap":{"0":{"loc":{"start":{"line":11,"column":2},"end":{"line":15,"column":null}},"type":"if","locations":[{"start":{"line":11,"column":2},"end":{"line":15,"column":null}},{"start":{},"end":{}}],"line":11},"1":{"loc":{"start":{"line":12,"column":4},"end":{"line":15,"column":null}},"type":"if","locations":[{"start":{"line":12,"column":4},"end":{"line":15,"column":null}},{"start":{"line":13,"column":13},"end":{"line":15,"column":null}}],"line":12},"2":{"loc":{"start":{"line":13,"column":13},"end":{"line":15,"column":null}},"type":"if","locations":[{"start":{"line":13,"column":13},"end":{"line":15,"column":null}},{"start":{"line":14,"column":13},"end":{"line":15,"column":null}}],"line":13},"3":{"loc":{"start":{"line":14,"column":13},"end":{"line":15,"column":null}},"type":"if","locations":[{"start":{"line":14,"column":13},"end":{"line":15,"column":null}},{"start":{"line":15,"column":9},"end":{"line":15,"column":null}}],"line":14},"4":{"loc":{"start":{"line":20,"column":2},"end":{"line":22,"column":null}},"type":"if","locations":[{"start":{"line":20,"column":2},"end":{"line":22,"column":null}},{"start":{},"end":{}}],"line":20},"5":{"loc":{"start":{"line":24,"column":2},"end":{"line":24,"column":null}},"type":"if","locations":[{"start":{"line":24,"column":2},"end":{"line":24,"column":null}},{"start":{},"end":{}}],"line":24},"6":{"loc":{"start":{"line":27,"column":2},"end":{"line":27,"column":null}},"type":"if","locations":[{"start":{"line":27,"column":2},"end":{"line":27,"column":null}},{"start":{},"end":{}}],"line":27},"7":{"loc":{"start":{"line":35,"column":23},"end":{"line":35,"column":34}},"type":"binary-expr","locations":[{"start":{"line":35,"column":23},"end":{"line":35,"column":32}},{"start":{"line":35,"column":23},"end":{"line":35,"column":34}}],"line":35},"8":{"loc":{"start":{"line":43,"column":17},"end":{"line":52,"column":24}},"type":"cond-expr","locations":[{"start":{"line":43,"column":39},"end":{"line":52,"column":24}},{"start":{"line":52,"column":15},"end":{"line":52,"column":24}}],"line":43},"9":{"loc":{"start":{"line":43,"column":17},"end":{"line":43,"column":54}},"type":"binary-expr","locations":[{"start":{"line":43,"column":17},"end":{"line":43,"column":30}},{"start":{"line":43,"column":30},"end":{"line":43,"column":54}}],"line":43},"10":{"loc":{"start":{"line":44,"column":8},"end":{"line":44,"column":68}},"type":"binary-expr","locations":[{"start":{"line":44,"column":8},"end":{"line":44,"column":14}},{"start":{"line":44,"column":8},"end":{"line":44,"column":68}}],"line":44},"11":{"loc":{"start":{"line":45,"column":38},"end":{"line":45,"column":48}},"type":"binary-expr","locations":[{"start":{"line":45,"column":38},"end":{"line":45,"column":46}},{"start":{"line":45,"column":38},"end":{"line":45,"column":48}}],"line":45},"12":{"loc":{"start":{"line":47,"column":13},"end":{"line":47,"column":null}},"type":"cond-expr","locations":[{"start":{"line":47,"column":22},"end":{"line":47,"column":46}},{"start":{"line":47,"column":46},"end":{"line":47,"column":null}}],"line":47},"13":{"loc":{"start":{"line":47,"column":46},"end":{"line":47,"column":null}},"type":"cond-expr","locations":[{"start":{"line":47,"column":55},"end":{"line":47,"column":null}},{"start":{"line":47,"column":55},"end":{"line":47,"column":null}}],"line":47},"14":{"loc":{"start":{"line":52,"column":15},"end":{"line":58,"column":null}},"type":"cond-expr","locations":[{"start":{"line":52,"column":50},"end":{"line":58,"column":null}}],"line":52},"15":{"loc":{"start":{"line":52,"column":15},"end":{"line":52,"column":null}},"type":"binary-expr","locations":[{"start":{"line":52,"column":15},"end":{"line":52,"column":41}},{"start":{"line":52,"column":41},"end":{"line":52,"column":null}}],"line":52},"16":{"loc":{"start":{"line":55,"column":14},"end":{"line":55,"column":null}},"type":"binary-expr","locations":[{"start":{"line":55,"column":14},"end":{"line":55,"column":16}},{"start":{"line":55,"column":14},"end":{"line":55,"column":83}}],"line":55}},"s":{"0":4,"1":4,"2":4,"3":4,"4":4,"5":4,"6":1,"7":1,"8":0,"9":0,"10":0,"11":0,"12":0,"13":4,"14":1,"15":0,"16":0,"17":1,"18":0,"19":1,"20":1,"21":0,"22":1,"23":1,"24":1,"25":1,"26":5,"27":0,"28":0,"29":0},"f":{"0":4,"1":1,"2":0,"3":0,"4":0},"b":{"0":[1,3],"1":[1,0],"2":[0,0],"3":[0,0],"4":[0,1],"5":[0,1],"6":[0,1],"7":[5,4],"8":[1,4],"9":[5,1],"10":[1,1],"11":[1,1],"12":[1,0],"13":[0,0],"14":[1],"15":[5,5],"16":[1,1]},"meta":{"lastBranch":17,"lastFunction":5,"lastStatement":30,"seen":{"s:4:14:4:Infinity":0,"s:5:13:5:Infinity":1,"s:7:6:7:24":2,"s:8:6:8:22":3,"s:10:0:17:Infinity":4,"f:10:0:10:16":0,"b:11:2:15:Infinity:undefined:undefined:undefined:undefined":0,"s:11:2:15:Infinity":5,"b:12:4:15:Infinity:13:13:15:Infinity":1,"s:12:4:15:Infinity":6,"s:12:49:12:Infinity":7,"b:13:13:15:Infinity:14:13:15:Infinity":2,"s:13:13:15:Infinity":8,"s:13:55:13:Infinity":9,"b:14:13:15:Infinity:15:9:15:Infinity":3,"s:14:13:15:Infinity":10,"s:14:56:14:Infinity":11,"s:15:9:15:Infinity":12,"s:19:0:29:Infinity":13,"f:19:27:19:35":1,"b:20:2:22:Infinity:undefined:undefined:undefined:undefined":4,"s:20:2:22:Infinity":14,"s:21:4:21:Infinity":15,"s:22:4:22:Infinity":16,"b:24:2:24:Infinity:undefined:undefined:undefined:undefined":5,"s:24:2:24:Infinity":17,"s:24:36:24:Infinity":18,"s:26:13:26:Infinity":19,"b:27:2:27:Infinity:undefined:undefined:undefined:undefined":6,"s:27:2:27:Infinity":20,"s:27:26:27:Infinity":21,"s:28:2:28:Infinity":22,"s:33:7:33:54":23,"s:34:9:34:54":24,"s:46:14:46:55":25,"s:33:2:58:Infinity":26,"b:35:23:35:32:35:23:35:34":7,"f:35:23:35:32":2,"s:35:23:35:34":27,"b:43:39:52:24:52:15:52:24":8,"b:43:17:43:30:43:30:43:54":9,"b:44:8:44:14:44:8:44:68":10,"b:45:38:45:46:45:38:45:48":11,"f:45:38:45:46":3,"s:45:38:45:48":28,"b:47:22:47:46:47:46:47:Infinity":12,"b:47:55:47:Infinity:47:55:47:Infinity":13,"b:52:50:58:Infinity":14,"b:52:15:52:41:52:41:52:Infinity":15,"b:55:14:55:16:55:14:55:83":16,"f:55:14:55:16":4,"s:55:16:55:83":29}}}
,"/home/geoffrey_wong/gemini-cli/projects/example-todo-app/frontend/src/components/TaskFormModal.vue": {"path":"/home/geoffrey_wong/gemini-cli/projects/example-todo-app/frontend/src/components/TaskFormModal.vue","statementMap":{"0":{"start":{"line":5,"column":14},"end":{"line":5,"column":null}},"1":{"start":{"line":6,"column":13},"end":{"line":6,"column":null}},"2":{"start":{"line":8,"column":6},"end":{"line":16,"column":null}},"3":{"start":{"line":18,"column":0},"end":{"line":46,"column":null}},"4":{"start":{"line":18,"column":12},"end":{"line":18,"column":31}},"5":{"start":{"line":19,"column":2},"end":{"line":44,"column":null}},"6":{"start":{"line":21,"column":4},"end":{"line":21,"column":null}},"7":{"start":{"line":22,"column":4},"end":{"line":22,"column":null}},"8":{"start":{"line":23,"column":4},"end":{"line":23,"column":null}},"9":{"start":{"line":24,"column":4},"end":{"line":24,"column":null}},"10":{"start":{"line":25,"column":4},"end":{"line":25,"column":null}},"11":{"start":{"line":26,"column":4},"end":{"line":26,"column":null}},"12":{"start":{"line":27,"column":4},"end":{"line":27,"column":null}},"13":{"start":{"line":30,"column":4},"end":{"line":30,"column":null}},"14":{"start":{"line":31,"column":4},"end":{"line":31,"column":null}},"15":{"start":{"line":34,"column":4},"end":{"line":34,"column":null}},"16":{"start":{"line":35,"column":4},"end":{"line":35,"column":null}},"17":{"start":{"line":36,"column":4},"end":{"line":36,"column":null}},"18":{"start":{"line":37,"column":4},"end":{"line":37,"column":null}},"19":{"start":{"line":38,"column":4},"end":{"line":38,"column":null}},"20":{"start":{"line":39,"column":4},"end":{"line":39,"column":null}},"21":{"start":{"line":40,"column":4},"end":{"line":40,"column":null}},"22":{"start":{"line":43,"column":4},"end":{"line":43,"column":null}},"23":{"start":{"line":44,"column":4},"end":{"line":44,"column":null}},"24":{"start":{"line":48,"column":6},"end":{"line":54,"column":null}},"25":{"start":{"line":49,"column":2},"end":{"line":53,"column":null}},"26":{"start":{"line":54,"column":2},"end":{"line":54,"column":null}},"27":{"start":{"line":60,"column":9},"end":{"line":60,"column":85}},"28":{"start":{"line":61,"column":10},"end":{"line":61,"column":40}},"29":{"start":{"line":62,"column":11},"end":{"line":62,"column":28}},"30":{"start":{"line":71,"column":13},"end":{"line":71,"column":43}},"31":{"start":{"line":103,"column":11},"end":{"line":103,"column":46}},"32":{"start":{"line":59,"column":13},"end":{"line":106,"column":null}},"33":{"start":{"line":65,"column":26},"end":{"line":65,"column":38}},"34":{"start":{"line":69,"column":29},"end":{"line":69,"column":47}},"35":{"start":{"line":74,"column":29},"end":{"line":74,"column":44}},"36":{"start":{"line":80,"column":40},"end":{"line":80,"column":55}},"37":{"start":{"line":85,"column":35},"end":{"line":85,"column":59}},"38":{"start":{"line":89,"column":27},"end":{"line":89,"column":51}},"39":{"start":{"line":96,"column":27},"end":{"line":96,"column":48}},"40":{"start":{"line":97,"column":12},"end":{"line":98,"column":null}},"41":{"start":{"line":104,"column":24},"end":{"line":104,"column":40}}},"fnMap":{"0":{"name":"(anonymous_0)","decl":{"start":{"line":18,"column":0},"end":{"line":18,"column":12}},"loc":{"start":{"line":18,"column":12},"end":{"line":18,"column":31}},"line":18},"1":{"name":"(anonymous_1)","decl":{"start":{"line":18,"column":18},"end":{"line":18,"column":31}},"loc":{"start":{"line":18,"column":42},"end":{"line":46,"column":5}},"line":18},"2":{"name":"(anonymous_2)","decl":{"start":{"line":48,"column":6},"end":{"line":48,"column":21}},"loc":{"start":{"line":48,"column":21},"end":{"line":54,"column":null}},"line":48},"3":{"name":"(anonymous_3)","decl":{"start":{"line":65,"column":26},"end":{"line":65,"column":31}},"loc":{"start":{"line":65,"column":26},"end":{"line":65,"column":38}},"line":65},"4":{"name":"(anonymous_4)","decl":{"start":{"line":69,"column":29},"end":{"line":69,"column":34}},"loc":{"start":{"line":69,"column":29},"end":{"line":69,"column":47}},"line":69},"5":{"name":"(anonymous_5)","decl":{"start":{"line":74,"column":29},"end":{"line":74,"column":34}},"loc":{"start":{"line":74,"column":29},"end":{"line":74,"column":44}},"line":74},"6":{"name":"(anonymous_6)","decl":{"start":{"line":80,"column":40},"end":{"line":80,"column":45}},"loc":{"start":{"line":80,"column":40},"end":{"line":80,"column":55}},"line":80},"7":{"name":"(anonymous_7)","decl":{"start":{"line":85,"column":35},"end":{"line":85,"column":40}},"loc":{"start":{"line":85,"column":35},"end":{"line":85,"column":59}},"line":85},"8":{"name":"(anonymous_8)","decl":{"start":{"line":89,"column":27},"end":{"line":89,"column":32}},"loc":{"start":{"line":89,"column":27},"end":{"line":89,"column":51}},"line":89},"9":{"name":"(anonymous_9)","decl":{"start":{"line":96,"column":27},"end":{"line":96,"column":32}},"loc":{"start":{"line":96,"column":27},"end":{"line":96,"column":48}},"line":96},"10":{"name":"(anonymous_10)","decl":{"start":{"line":97,"column":32},"end":{"line":97,"column":43}},"loc":{"start":{"line":97,"column":28},"end":{"line":98,"column":null}},"line":97},"11":{"name":"(anonymous_11)","decl":{"start":{"line":104,"column":22},"end":{"line":104,"column":24}},"loc":{"start":{"line":104,"column":24},"end":{"line":104,"column":40}},"line":104}},"branchMap":{"0":{"loc":{"start":{"line":19,"column":2},"end":{"line":44,"column":null}},"type":"if","locations":[{"start":{"line":19,"column":2},"end":{"line":44,"column":null}},{"start":{"line":32,"column":9},"end":{"line":44,"column":null}}],"line":19},"1":{"loc":{"start":{"line":21,"column":17},"end":{"line":21,"column":null}},"type":"binary-expr","locations":[{"start":{"line":21,"column":17},"end":{"line":21,"column":33}},{"start":{"line":21,"column":33},"end":{"line":21,"column":null}}],"line":21},"2":{"loc":{"start":{"line":22,"column":23},"end":{"line":22,"column":null}},"type":"binary-expr","locations":[{"start":{"line":22,"column":23},"end":{"line":22,"column":45}},{"start":{"line":22,"column":45},"end":{"line":22,"column":null}}],"line":22},"3":{"loc":{"start":{"line":23,"column":20},"end":{"line":23,"column":null}},"type":"binary-expr","locations":[{"start":{"line":23,"column":20},"end":{"line":23,"column":39}},{"start":{"line":23,"column":39},"end":{"line":23,"column":null}}],"line":23},"4":{"loc":{"start":{"line":24,"column":20},"end":{"line":24,"column":null}},"type":"cond-expr","locations":[{"start":{"line":24,"column":38},"end":{"line":24,"column":70}},{"start":{"line":24,"column":70},"end":{"line":24,"column":null}}],"line":24},"5":{"loc":{"start":{"line":25,"column":27},"end":{"line":25,"column":null}},"type":"binary-expr","locations":[{"start":{"line":25,"column":27},"end":{"line":25,"column":53}},{"start":{"line":25,"column":53},"end":{"line":25,"column":null}}],"line":25},"6":{"loc":{"start":{"line":26,"column":29},"end":{"line":26,"column":null}},"type":"binary-expr","locations":[{"start":{"line":26,"column":29},"end":{"line":26,"column":57}},{"start":{"line":26,"column":57},"end":{"line":26,"column":null}}],"line":26},"7":{"loc":{"start":{"line":27,"column":26},"end":{"line":27,"column":52}},"type":"binary-expr","locations":[{"start":{"line":27,"column":26},"end":{"line":27,"column":51}},{"start":{"line":27,"column":51},"end":{"line":27,"column":52}}],"line":27},"8":{"loc":{"start":{"line":51,"column":14},"end":{"line":51,"column":null}},"type":"cond-expr","locations":[{"start":{"line":51,"column":30},"end":{"line":51,"column":67}},{"start":{"line":51,"column":70},"end":{"line":51,"column":null}}],"line":51},"9":{"loc":{"start":{"line":59,"column":13},"end":{"line":106,"column":null}},"type":"cond-expr","locations":[{"start":{"line":59,"column":13},"end":{"line":106,"column":null}}],"line":59},"10":{"loc":{"start":{"line":61,"column":44},"end":{"line":61,"column":89}},"type":"cond-expr","locations":[{"start":{"line":61,"column":54},"end":{"line":61,"column":89}},{"start":{"line":61,"column":54},"end":{"line":61,"column":89}}],"line":61},"11":{"loc":{"start":{"line":66,"column":14},"end":{"line":64,"column":91}},"type":"binary-expr","locations":[{"start":{"line":66,"column":14},"end":{"line":66,"column":null}},{"start":{"line":66,"column":14},"end":{"line":64,"column":91}}],"line":66},"12":{"loc":{"start":{"line":65,"column":26},"end":{"line":65,"column":38}},"type":"binary-expr","locations":[{"start":{"line":65,"column":26},"end":{"line":65,"column":31}},{"start":{"line":65,"column":26},"end":{"line":65,"column":38}}],"line":65},"13":{"loc":{"start":{"line":70,"column":14},"end":{"line":68,"column":97}},"type":"binary-expr","locations":[{"start":{"line":70,"column":14},"end":{"line":70,"column":null}},{"start":{"line":70,"column":14},"end":{"line":68,"column":97}}],"line":70},"14":{"loc":{"start":{"line":69,"column":29},"end":{"line":69,"column":47}},"type":"binary-expr","locations":[{"start":{"line":69,"column":29},"end":{"line":69,"column":34}},{"start":{"line":69,"column":29},"end":{"line":69,"column":47}}],"line":69},"15":{"loc":{"start":{"line":77,"column":16},"end":{"line":73,"column":96}},"type":"binary-expr","locations":[{"start":{"line":77,"column":16},"end":{"line":77,"column":null}},{"start":{"line":77,"column":16},"end":{"line":73,"column":96}}],"line":77},"16":{"loc":{"start":{"line":74,"column":29},"end":{"line":74,"column":44}},"type":"binary-expr","locations":[{"start":{"line":74,"column":29},"end":{"line":74,"column":34}},{"start":{"line":74,"column":29},"end":{"line":74,"column":44}}],"line":74},"17":{"loc":{"start":{"line":81,"column":16},"end":{"line":79,"column":96}},"type":"binary-expr","locations":[{"start":{"line":81,"column":16},"end":{"line":81,"column":null}},{"start":{"line":81,"column":16},"end":{"line":79,"column":96}}],"line":81},"18":{"loc":{"start":{"line":80,"column":40},"end":{"line":80,"column":55}},"type":"binary-expr","locations":[{"start":{"line":80,"column":40},"end":{"line":80,"column":45}},{"start":{"line":80,"column":40},"end":{"line":80,"column":55}}],"line":80},"19":{"loc":{"start":{"line":86,"column":14},"end":{"line":84,"column":109}},"type":"binary-expr","locations":[{"start":{"line":86,"column":14},"end":{"line":86,"column":null}},{"start":{"line":86,"column":14},"end":{"line":84,"column":109}}],"line":86},"20":{"loc":{"start":{"line":85,"column":35},"end":{"line":85,"column":59}},"type":"binary-expr","locations":[{"start":{"line":85,"column":35},"end":{"line":85,"column":40}},{"start":{"line":85,"column":35},"end":{"line":85,"column":59}}],"line":85},"21":{"loc":{"start":{"line":87,"column":19},"end":{"line":89,"column":51}},"type":"cond-expr","locations":[{"start":{"line":87,"column":24},"end":{"line":89,"column":51}},{"start":{"line":89,"column":49},"end":{"line":89,"column":51}}],"line":87},"22":{"loc":{"start":{"line":93,"column":14},"end":{"line":88,"column":103}},"type":"binary-expr","locations":[{"start":{"line":93,"column":14},"end":{"line":93,"column":null}},{"start":{"line":93,"column":14},"end":{"line":88,"column":103}}],"line":93},"23":{"loc":{"start":{"line":89,"column":27},"end":{"line":89,"column":51}},"type":"binary-expr","locations":[{"start":{"line":89,"column":27},"end":{"line":89,"column":32}},{"start":{"line":89,"column":27},"end":{"line":89,"column":51}}],"line":89},"24":{"loc":{"start":{"line":90,"column":12},"end":{"line":91,"column":68}},"type":"binary-expr","locations":[{"start":{"line":90,"column":12},"end":{"line":90,"column":20}},{"start":{"line":90,"column":12},"end":{"line":91,"column":68}}],"line":90},"25":{"loc":{"start":{"line":101,"column":14},"end":{"line":95,"column":98}},"type":"binary-expr","locations":[{"start":{"line":101,"column":14},"end":{"line":101,"column":null}},{"start":{"line":101,"column":14},"end":{"line":95,"column":98}}],"line":101},"26":{"loc":{"start":{"line":96,"column":27},"end":{"line":96,"column":48}},"type":"binary-expr","locations":[{"start":{"line":96,"column":27},"end":{"line":96,"column":32}},{"start":{"line":96,"column":27},"end":{"line":96,"column":48}}],"line":96},"27":{"loc":{"start":{"line":104,"column":22},"end":{"line":104,"column":40}},"type":"binary-expr","locations":[{"start":{"line":104,"column":22},"end":{"line":104,"column":24}},{"start":{"line":104,"column":22},"end":{"line":104,"column":40}}],"line":104},"28":{"loc":{"start":{"line":106,"column":13},"end":{"line":106,"column":null}},"type":"cond-expr","locations":[{"start":{"line":106,"column":23},"end":{"line":106,"column":null}},{"start":{"line":106,"column":23},"end":{"line":106,"column":null}}],"line":106}},"s":{"0":4,"1":4,"2":4,"3":4,"4":4,"5":4,"6":2,"7":2,"8":2,"9":2,"10":2,"11":2,"12":2,"13":2,"14":2,"15":2,"16":2,"17":2,"18":2,"19":2,"20":2,"21":2,"22":2,"23":2,"24":4,"25":1,"26":1,"27":1,"28":1,"29":1,"30":1,"31":1,"32":4,"33":0,"34":0,"35":0,"36":0,"37":1,"38":0,"39":0,"40":6,"41":1},"f":{"0":4,"1":4,"2":1,"3":0,"4":0,"5":0,"6":0,"7":1,"8":0,"9":0,"10":6,"11":1},"b":{"0":[2,2],"1":[2,0],"2":[2,1],"3":[2,1],"4":[1,1],"5":[2,1],"6":[2,1],"7":[2,1],"8":[0,1],"9":[4],"10":[2,2],"11":[4,4],"12":[4,4],"13":[4,4],"14":[4,4],"15":[4,4],"16":[4,4],"17":[4,4],"18":[4,4],"19":[4,4],"20":[4,4],"21":[1,3],"22":[1,1],"23":[1,1],"24":[1,1],"25":[4,4],"26":[4,4],"27":[4,4],"28":[2,2]},"meta":{"lastBranch":29,"lastFunction":12,"lastStatement":42,"seen":{"s:5:14:5:Infinity":0,"s:6:13:6:Infinity":1,"s:8:6:16:Infinity":2,"s:18:0:46:Infinity":3,"f:18:0:18:12":0,"s:18:12:18:31":4,"f:18:18:18:31":1,"b:19:2:44:Infinity:32:9:44:Infinity":0,"s:19:2:44:Infinity":5,"s:21:4:21:Infinity":6,"b:21:17:21:33:21:33:21:Infinity":1,"s:22:4:22:Infinity":7,"b:22:23:22:45:22:45:22:Infinity":2,"s:23:4:23:Infinity":8,"b:23:20:23:39:23:39:23:Infinity":3,"s:24:4:24:Infinity":9,"b:24:38:24:70:24:70:24:Infinity":4,"s:25:4:25:Infinity":10,"b:25:27:25:53:25:53:25:Infinity":5,"s:26:4:26:Infinity":11,"b:26:29:26:57:26:57:26:Infinity":6,"s:27:4:27:Infinity":12,"b:27:26:27:51:27:51:27:52":7,"s:30:4:30:Infinity":13,"s:31:4:31:Infinity":14,"s:34:4:34:Infinity":15,"s:35:4:35:Infinity":16,"s:36:4:36:Infinity":17,"s:37:4:37:Infinity":18,"s:38:4:38:Infinity":19,"s:39:4:39:Infinity":20,"s:40:4:40:Infinity":21,"s:43:4:43:Infinity":22,"s:44:4:44:Infinity":23,"s:48:6:54:Infinity":24,"f:48:6:48:21":2,"s:49:2:53:Infinity":25,"b:51:30:51:67:51:70:51:Infinity":8,"s:54:2:54:Infinity":26,"s:60:9:60:85":27,"s:61:10:61:40":28,"s:62:11:62:28":29,"s:71:13:71:43":30,"s:103:11:103:46":31,"s:59:13:106:Infinity":32,"b:59:13:106:Infinity":9,"b:61:54:61:89:61:54:61:89":10,"b:66:14:66:Infinity:66:14:64:91":11,"b:65:26:65:31:65:26:65:38":12,"f:65:26:65:31":3,"s:65:26:65:38":33,"b:70:14:70:Infinity:70:14:68:97":13,"b:69:29:69:34:69:29:69:47":14,"f:69:29:69:34":4,"s:69:29:69:47":34,"b:77:16:77:Infinity:77:16:73:96":15,"b:74:29:74:34:74:29:74:44":16,"f:74:29:74:34":5,"s:74:29:74:44":35,"b:81:16:81:Infinity:81:16:79:96":17,"b:80:40:80:45:80:40:80:55":18,"f:80:40:80:45":6,"s:80:40:80:55":36,"b:86:14:86:Infinity:86:14:84:109":19,"b:85:35:85:40:85:35:85:59":20,"f:85:35:85:40":7,"s:85:35:85:59":37,"b:87:24:89:51:89:49:89:51":21,"b:93:14:93:Infinity:93:14:88:103":22,"b:89:27:89:32:89:27:89:51":23,"f:89:27:89:32":8,"s:89:27:89:51":38,"b:90:12:90:20:90:12:91:68":24,"b:101:14:101:Infinity:101:14:95:98":25,"b:96:27:96:32:96:27:96:48":26,"f:96:27:96:32":9,"s:96:27:96:48":39,"f:97:32:97:43":10,"s:97:12:98:Infinity":40,"b:104:22:104:24:104:22:104:40":27,"f:104:22:104:24":11,"s:104:24:104:40":41,"b:106:23:106:Infinity:106:23:106:Infinity":28}}}
,"/home/geoffrey_wong/gemini-cli/projects/example-todo-app/frontend/src/components/TaskItem.vue": {"path":"/home/geoffrey_wong/gemini-cli/projects/example-todo-app/frontend/src/components/TaskItem.vue","statementMap":{"0":{"start":{"line":4,"column":14},"end":{"line":4,"column":null}},"1":{"start":{"line":7,"column":6},"end":{"line":15,"column":null}},"2":{"start":{"line":8,"column":2},"end":{"line":8,"column":null}},"3":{"start":{"line":8,"column":28},"end":{"line":8,"column":null}},"4":{"start":{"line":9,"column":14},"end":{"line":9,"column":63}},"5":{"start":{"line":10,"column":16},"end":{"line":10,"column":46}},"6":{"start":{"line":12,"column":2},"end":{"line":12,"column":null}},"7":{"start":{"line":12,"column":19},"end":{"line":12,"column":null}},"8":{"start":{"line":13,"column":2},"end":{"line":13,"column":null}},"9":{"start":{"line":13,"column":21},"end":{"line":13,"column":null}},"10":{"start":{"line":14,"column":2},"end":{"line":14,"column":null}},"11":{"start":{"line":17,"column":6},"end":{"line":20,"column":null}},"12":{"start":{"line":18,"column":2},"end":{"line":18,"column":null}},"13":{"start":{"line":18,"column":28},"end":{"line":18,"column":null}},"14":{"start":{"line":19,"column":2},"end":{"line":19,"column":null}},"15":{"start":{"line":25,"column":9},"end":{"line":25,"column":26}},"16":{"start":{"line":27,"column":9},"end":{"line":27,"column":38}},"17":{"start":{"line":28,"column":11},"end":{"line":28,"column":44}},"18":{"start":{"line":29,"column":14},"end":{"line":29,"column":59}},"19":{"start":{"line":31,"column":14},"end":{"line":31,"column":59}},"20":{"start":{"line":24,"column":2},"end":{"line":64,"column":66}},"21":{"start":{"line":44,"column":16},"end":{"line":44,"column":75}},"22":{"start":{"line":52,"column":16},"end":{"line":52,"column":73}},"23":{"start":{"line":57,"column":22},"end":{"line":57,"column":40}},"24":{"start":{"line":60,"column":22},"end":{"line":60,"column":45}}},"fnMap":{"0":{"name":"(anonymous_0)","decl":{"start":{"line":7,"column":21},"end":{"line":7,"column":36}},"loc":{"start":{"line":7,"column":36},"end":{"line":15,"column":null}},"line":7},"1":{"name":"(anonymous_1)","decl":{"start":{"line":17,"column":25},"end":{"line":17,"column":40}},"loc":{"start":{"line":17,"column":40},"end":{"line":20,"column":null}},"line":17},"2":{"name":"(anonymous_2)","decl":{"start":{"line":44,"column":14},"end":{"line":44,"column":16}},"loc":{"start":{"line":44,"column":16},"end":{"line":44,"column":75}},"line":44},"3":{"name":"(anonymous_3)","decl":{"start":{"line":52,"column":14},"end":{"line":52,"column":16}},"loc":{"start":{"line":52,"column":16},"end":{"line":52,"column":73}},"line":52},"4":{"name":"(anonymous_4)","decl":{"start":{"line":57,"column":20},"end":{"line":57,"column":22}},"loc":{"start":{"line":57,"column":22},"end":{"line":57,"column":40}},"line":57},"5":{"name":"(anonymous_5)","decl":{"start":{"line":60,"column":20},"end":{"line":60,"column":22}},"loc":{"start":{"line":60,"column":22},"end":{"line":60,"column":45}},"line":60}},"branchMap":{"0":{"loc":{"start":{"line":8,"column":2},"end":{"line":8,"column":null}},"type":"if","locations":[{"start":{"line":8,"column":2},"end":{"line":8,"column":null}},{"start":{},"end":{}}],"line":8},"1":{"loc":{"start":{"line":12,"column":2},"end":{"line":12,"column":null}},"type":"if","locations":[{"start":{"line":12,"column":2},"end":{"line":12,"column":null}},{"start":{},"end":{}}],"line":12},"2":{"loc":{"start":{"line":13,"column":2},"end":{"line":13,"column":null}},"type":"if","locations":[{"start":{"line":13,"column":2},"end":{"line":13,"column":null}},{"start":{},"end":{}}],"line":13},"3":{"loc":{"start":{"line":18,"column":2},"end":{"line":18,"column":null}},"type":"if","locations":[{"start":{"line":18,"column":2},"end":{"line":18,"column":null}},{"start":{},"end":{}}],"line":18},"4":{"loc":{"start":{"line":30,"column":20},"end":{"line":30,"column":96}},"type":"cond-expr","locations":[{"start":{"line":30,"column":25},"end":{"line":30,"column":89}},{"start":{"line":30,"column":89},"end":{"line":30,"column":96}}],"line":30},"5":{"loc":{"start":{"line":32,"column":20},"end":{"line":36,"column":null}},"type":"cond-expr","locations":[{"start":{"line":32,"column":25},"end":{"line":36,"column":null}},{"start":{"line":36,"column":34},"end":{"line":36,"column":null}}],"line":32},"6":{"loc":{"start":{"line":41,"column":16},"end":{"line":64,"column":66}},"type":"cond-expr","locations":[{"start":{"line":41,"column":21},"end":{"line":64,"column":16}},{"start":{"line":64,"column":4},"end":{"line":64,"column":60}}],"line":41},"7":{"loc":{"start":{"line":43,"column":14},"end":{"line":49,"column":15}},"type":"cond-expr","locations":[{"start":{"line":43,"column":25},"end":{"line":49,"column":15}},{"start":{"line":49,"column":6},"end":{"line":49,"column":15}}],"line":43},"8":{"loc":{"start":{"line":44,"column":14},"end":{"line":44,"column":null}},"type":"binary-expr","locations":[{"start":{"line":44,"column":14},"end":{"line":44,"column":16}},{"start":{"line":44,"column":14},"end":{"line":44,"column":75}}],"line":44},"9":{"loc":{"start":{"line":51,"column":14},"end":{"line":56,"column":15}},"type":"cond-expr","locations":[{"start":{"line":51,"column":25},"end":{"line":54,"column":null}},{"start":{"line":56,"column":6},"end":{"line":56,"column":15}}],"line":51},"10":{"loc":{"start":{"line":52,"column":14},"end":{"line":52,"column":null}},"type":"binary-expr","locations":[{"start":{"line":52,"column":14},"end":{"line":52,"column":16}},{"start":{"line":52,"column":14},"end":{"line":52,"column":73}}],"line":52},"11":{"loc":{"start":{"line":57,"column":20},"end":{"line":57,"column":43}},"type":"binary-expr","locations":[{"start":{"line":57,"column":20},"end":{"line":57,"column":22}},{"start":{"line":57,"column":20},"end":{"line":57,"column":40}}],"line":57},"12":{"loc":{"start":{"line":60,"column":20},"end":{"line":60,"column":48}},"type":"binary-expr","locations":[{"start":{"line":60,"column":20},"end":{"line":60,"column":22}},{"start":{"line":60,"column":20},"end":{"line":60,"column":45}}],"line":60}},"s":{"0":5,"1":5,"2":2,"3":0,"4":2,"5":2,"6":2,"7":1,"8":1,"9":1,"10":0,"11":5,"12":2,"13":0,"14":2,"15":1,"16":1,"17":1,"18":1,"19":1,"20":5,"21":1,"22":0,"23":0,"24":0},"f":{"0":2,"1":2,"2":1,"3":0,"4":0,"5":0},"b":{"0":[0,2],"1":[1,1],"2":[1,0],"3":[0,2],"4":[0,5],"5":[2,3],"6":[4,1],"7":[4,0],"8":[4,4],"9":[0,4],"10":[0,0],"11":[4,4],"12":[4,4]},"meta":{"lastBranch":13,"lastFunction":6,"lastStatement":25,"seen":{"s:4:14:4:Infinity":0,"s:7:6:15:Infinity":1,"f:7:21:7:36":0,"b:8:2:8:Infinity:undefined:undefined:undefined:undefined":0,"s:8:2:8:Infinity":2,"s:8:28:8:Infinity":3,"s:9:14:9:63":4,"s:10:16:10:46":5,"b:12:2:12:Infinity:undefined:undefined:undefined:undefined":1,"s:12:2:12:Infinity":6,"s:12:19:12:Infinity":7,"b:13:2:13:Infinity:undefined:undefined:undefined:undefined":2,"s:13:2:13:Infinity":8,"s:13:21:13:Infinity":9,"s:14:2:14:Infinity":10,"s:17:6:20:Infinity":11,"f:17:25:17:40":1,"b:18:2:18:Infinity:undefined:undefined:undefined:undefined":3,"s:18:2:18:Infinity":12,"s:18:28:18:Infinity":13,"s:19:2:19:Infinity":14,"s:25:9:25:26":15,"s:27:9:27:38":16,"s:28:11:28:44":17,"s:29:14:29:59":18,"s:31:14:31:59":19,"s:24:2:64:66":20,"b:30:25:30:89:30:89:30:96":4,"b:32:25:36:Infinity:36:34:36:Infinity":5,"b:41:21:64:16:64:4:64:60":6,"b:43:25:49:15:49:6:49:15":7,"b:44:14:44:16:44:14:44:75":8,"f:44:14:44:16":2,"s:44:16:44:75":21,"b:51:25:54:Infinity:56:6:56:15":9,"b:52:14:52:16:52:14:52:73":10,"f:52:14:52:16":3,"s:52:16:52:73":22,"b:57:20:57:22:57:20:57:40":11,"f:57:20:57:22":4,"s:57:22:57:40":23,"b:60:20:60:22:60:20:60:45":12,"f:60:20:60:22":5,"s:60:22:60:45":24}}}
,"/home/geoffrey_wong/gemini-cli/projects/example-todo-app/frontend/src/composables/useTasks.ts": {"path":"/home/geoffrey_wong/gemini-cli/projects/example-todo-app/frontend/src/composables/useTasks.ts","statementMap":{"0":{"start":{"line":5,"column":6},"end":{"line":5,"column":28}},"1":{"start":{"line":6,"column":6},"end":{"line":6,"column":25}},"2":{"start":{"line":7,"column":6},"end":{"line":7,"column":37}},"3":{"start":{"line":8,"column":6},"end":{"line":8,"column":28}},"4":{"start":{"line":9,"column":6},"end":{"line":9,"column":38}},"5":{"start":{"line":10,"column":6},"end":{"line":10,"column":34}},"6":{"start":{"line":13,"column":21},"end":{"line":30,"column":null}},"7":{"start":{"line":14,"column":4},"end":{"line":14,"column":null}},"8":{"start":{"line":15,"column":4},"end":{"line":15,"column":null}},"9":{"start":{"line":18,"column":4},"end":{"line":19,"column":null}},"10":{"start":{"line":19,"column":6},"end":{"line":19,"column":null}},"11":{"start":{"line":22,"column":4},"end":{"line":30,"column":null}},"12":{"start":{"line":23,"column":26},"end":{"line":23,"column":77}},"13":{"start":{"line":24,"column":30},"end":{"line":24,"column":103}},"14":{"start":{"line":25,"column":6},"end":{"line":25,"column":null}},"15":{"start":{"line":26,"column":6},"end":{"line":26,"column":null}},"16":{"start":{"line":26,"column":31},"end":{"line":26,"column":null}},"17":{"start":{"line":28,"column":6},"end":{"line":28,"column":null}},"18":{"start":{"line":30,"column":6},"end":{"line":30,"column":null}},"19":{"start":{"line":34,"column":27},"end":{"line":54,"column":null}},"20":{"start":{"line":35,"column":4},"end":{"line":54,"column":null}},"21":{"start":{"line":36,"column":6},"end":{"line":39,"column":null}},"22":{"start":{"line":41,"column":6},"end":{"line":41,"column":null}},"23":{"start":{"line":43,"column":6},"end":{"line":52,"column":null}},"24":{"start":{"line":44,"column":8},"end":{"line":44,"column":null}},"25":{"start":{"line":45,"column":20},"end":{"line":47,"column":null}},"26":{"start":{"line":48,"column":8},"end":{"line":48,"column":null}},"27":{"start":{"line":49,"column":8},"end":{"line":49,"column":null}},"28":{"start":{"line":50,"column":17},"end":{"line":52,"column":null}},"29":{"start":{"line":51,"column":8},"end":{"line":51,"column":null}},"30":{"start":{"line":52,"column":8},"end":{"line":52,"column":null}},"31":{"start":{"line":54,"column":6},"end":{"line":54,"column":null}},"32":{"start":{"line":58,"column":28},"end":{"line":78,"column":null}},"33":{"start":{"line":59,"column":4},"end":{"line":78,"column":null}},"34":{"start":{"line":60,"column":6},"end":{"line":63,"column":null}},"35":{"start":{"line":65,"column":6},"end":{"line":65,"column":null}},"36":{"start":{"line":67,"column":6},"end":{"line":76,"column":null}},"37":{"start":{"line":68,"column":8},"end":{"line":68,"column":null}},"38":{"start":{"line":69,"column":20},"end":{"line":71,"column":null}},"39":{"start":{"line":72,"column":8},"end":{"line":72,"column":null}},"40":{"start":{"line":73,"column":8},"end":{"line":73,"column":null}},"41":{"start":{"line":74,"column":17},"end":{"line":76,"column":null}},"42":{"start":{"line":75,"column":8},"end":{"line":75,"column":null}},"43":{"start":{"line":76,"column":8},"end":{"line":76,"column":null}},"44":{"start":{"line":78,"column":6},"end":{"line":78,"column":null}},"45":{"start":{"line":82,"column":21},"end":{"line":98,"column":null}},"46":{"start":{"line":83,"column":4},"end":{"line":98,"column":null}},"47":{"start":{"line":84,"column":6},"end":{"line":84,"column":null}},"48":{"start":{"line":86,"column":6},"end":{"line":86,"column":null}},"49":{"start":{"line":88,"column":6},"end":{"line":96,"column":null}},"50":{"start":{"line":89,"column":8},"end":{"line":89,"column":null}},"51":{"start":{"line":90,"column":20},"end":{"line":92,"column":null}},"52":{"start":{"line":93,"column":8},"end":{"line":93,"column":null}},"53":{"start":{"line":94,"column":8},"end":{"line":94,"column":null}},"54":{"start":{"line":96,"column":8},"end":{"line":96,"column":null}},"55":{"start":{"line":98,"column":6},"end":{"line":98,"column":null}},"56":{"start":{"line":102,"column":30},"end":{"line":108,"column":null}},"57":{"start":{"line":103,"column":4},"end":{"line":108,"column":null}},"58":{"start":{"line":105,"column":23},"end":{"line":105,"column":67}},"59":{"start":{"line":106,"column":6},"end":{"line":106,"column":null}},"60":{"start":{"line":106,"column":51},"end":{"line":106,"column":81}},"61":{"start":{"line":108,"column":6},"end":{"line":108,"column":null}},"62":{"start":{"line":112,"column":2},"end":{"line":124,"column":null}}},"fnMap":{"0":{"name":"useTasks","decl":{"start":{"line":12,"column":16},"end":{"line":12,"column":27}},"loc":{"start":{"line":12,"column":27},"end":{"line":124,"column":null}},"line":12},"1":{"name":"(anonymous_1)","decl":{"start":{"line":13,"column":21},"end":{"line":13,"column":28}},"loc":{"start":{"line":13,"column":45},"end":{"line":30,"column":null}},"line":13},"2":{"name":"(anonymous_2)","decl":{"start":{"line":34,"column":27},"end":{"line":34,"column":34}},"loc":{"start":{"line":34,"column":82},"end":{"line":54,"column":null}},"line":34},"3":{"name":"(anonymous_3)","decl":{"start":{"line":58,"column":28},"end":{"line":58,"column":35}},"loc":{"start":{"line":58,"column":81},"end":{"line":78,"column":null}},"line":58},"4":{"name":"(anonymous_4)","decl":{"start":{"line":82,"column":21},"end":{"line":82,"column":28}},"loc":{"start":{"line":82,"column":60},"end":{"line":98,"column":null}},"line":82},"5":{"name":"(anonymous_5)","decl":{"start":{"line":102,"column":30},"end":{"line":102,"column":42}},"loc":{"start":{"line":102,"column":42},"end":{"line":108,"column":null}},"line":102},"6":{"name":"(anonymous_6)","decl":{"start":{"line":106,"column":34},"end":{"line":106,"column":39}},"loc":{"start":{"line":106,"column":51},"end":{"line":106,"column":81}},"line":106}},"branchMap":{"0":{"loc":{"start":{"line":18,"column":4},"end":{"line":19,"column":null}},"type":"if","locations":[{"start":{"line":18,"column":4},"end":{"line":19,"column":null}},{"start":{},"end":{}}],"line":18},"1":{"loc":{"start":{"line":24,"column":65},"end":{"line":24,"column":103}},"type":"cond-expr","locations":[{"start":{"line":24,"column":79},"end":{"line":24,"column":99}},{"start":{"line":24,"column":99},"end":{"line":24,"column":103}}],"line":24},"2":{"loc":{"start":{"line":26,"column":6},"end":{"line":26,"column":null}},"type":"if","locations":[{"start":{"line":26,"column":6},"end":{"line":26,"column":null}},{"start":{},"end":{}}],"line":26},"3":{"loc":{"start":{"line":43,"column":6},"end":{"line":52,"column":null}},"type":"if","locations":[{"start":{"line":43,"column":6},"end":{"line":52,"column":null}},{"start":{"line":50,"column":17},"end":{"line":52,"column":null}}],"line":43},"4":{"loc":{"start":{"line":43,"column":10},"end":{"line":43,"column":75}},"type":"binary-expr","locations":[{"start":{"line":43,"column":10},"end":{"line":43,"column":36}},{"start":{"line":43,"column":36},"end":{"line":43,"column":56}},{"start":{"line":43,"column":56},"end":{"line":43,"column":75}}],"line":43},"5":{"loc":{"start":{"line":45,"column":20},"end":{"line":47,"column":null}},"type":"cond-expr","locations":[{"start":{"line":46,"column":12},"end":{"line":46,"column":null}},{"start":{"line":47,"column":12},"end":{"line":47,"column":null}}],"line":45},"6":{"loc":{"start":{"line":50,"column":17},"end":{"line":52,"column":null}},"type":"if","locations":[{"start":{"line":50,"column":17},"end":{"line":52,"column":null}},{"start":{},"end":{}}],"line":50},"7":{"loc":{"start":{"line":50,"column":17},"end":{"line":50,"column":60}},"type":"binary-expr","locations":[{"start":{"line":50,"column":17},"end":{"line":50,"column":42}},{"start":{"line":50,"column":42},"end":{"line":50,"column":60}}],"line":50},"8":{"loc":{"start":{"line":67,"column":6},"end":{"line":76,"column":null}},"type":"if","locations":[{"start":{"line":67,"column":6},"end":{"line":76,"column":null}},{"start":{"line":74,"column":17},"end":{"line":76,"column":null}}],"line":67},"9":{"loc":{"start":{"line":67,"column":10},"end":{"line":67,"column":75}},"type":"binary-expr","locations":[{"start":{"line":67,"column":10},"end":{"line":67,"column":36}},{"start":{"line":67,"column":36},"end":{"line":67,"column":56}},{"start":{"line":67,"column":56},"end":{"line":67,"column":75}}],"line":67},"10":{"loc":{"start":{"line":69,"column":20},"end":{"line":71,"column":null}},"type":"cond-expr","locations":[{"start":{"line":70,"column":12},"end":{"line":70,"column":null}},{"start":{"line":71,"column":12},"end":{"line":71,"column":null}}],"line":69},"11":{"loc":{"start":{"line":74,"column":17},"end":{"line":76,"column":null}},"type":"if","locations":[{"start":{"line":74,"column":17},"end":{"line":76,"column":null}},{"start":{},"end":{}}],"line":74},"12":{"loc":{"start":{"line":74,"column":17},"end":{"line":74,"column":60}},"type":"binary-expr","locations":[{"start":{"line":74,"column":17},"end":{"line":74,"column":42}},{"start":{"line":74,"column":42},"end":{"line":74,"column":60}}],"line":74},"13":{"loc":{"start":{"line":88,"column":6},"end":{"line":96,"column":null}},"type":"if","locations":[{"start":{"line":88,"column":6},"end":{"line":96,"column":null}},{"start":{"line":95,"column":13},"end":{"line":96,"column":null}}],"line":88},"14":{"loc":{"start":{"line":88,"column":10},"end":{"line":88,"column":75}},"type":"binary-expr","locations":[{"start":{"line":88,"column":10},"end":{"line":88,"column":36}},{"start":{"line":88,"column":36},"end":{"line":88,"column":56}},{"start":{"line":88,"column":56},"end":{"line":88,"column":75}}],"line":88},"15":{"loc":{"start":{"line":90,"column":20},"end":{"line":92,"column":null}},"type":"cond-expr","locations":[{"start":{"line":91,"column":12},"end":{"line":91,"column":null}},{"start":{"line":92,"column":12},"end":{"line":92,"column":null}}],"line":90}},"s":{"0":1,"1":1,"2":1,"3":1,"4":1,"5":1,"6":9,"7":8,"8":8,"9":8,"10":0,"11":8,"12":8,"13":8,"14":6,"15":6,"16":3,"17":2,"18":8,"19":9,"20":3,"21":3,"22":1,"23":2,"24":2,"25":2,"26":2,"27":2,"28":0,"29":0,"30":0,"31":2,"32":9,"33":2,"34":2,"35":1,"36":1,"37":1,"38":1,"39":1,"40":1,"41":0,"42":0,"43":0,"44":1,"45":9,"46":2,"47":2,"48":1,"49":1,"50":1,"51":1,"52":1,"53":1,"54":0,"55":1,"56":9,"57":1,"58":1,"59":1,"60":2,"61":0,"62":9},"f":{"0":9,"1":8,"2":3,"3":2,"4":2,"5":1,"6":2},"b":{"0":[0,8],"1":[0,8],"2":[3,3],"3":[2,0],"4":[2,2,0],"5":[0,2],"6":[0,0],"7":[0,0],"8":[1,0],"9":[1,1,0],"10":[0,1],"11":[0,0],"12":[0,0],"13":[1,0],"14":[1,1,0],"15":[0,1]},"meta":{"lastBranch":16,"lastFunction":7,"lastStatement":63,"seen":{"s:5:6:5:28":0,"s:6:6:6:25":1,"s:7:6:7:37":2,"s:8:6:8:28":3,"s:9:6:9:38":4,"s:10:6:10:34":5,"f:12:16:12:27":0,"s:13:21:30:Infinity":6,"f:13:21:13:28":1,"s:14:4:14:Infinity":7,"s:15:4:15:Infinity":8,"b:18:4:19:Infinity:undefined:undefined:undefined:undefined":0,"s:18:4:19:Infinity":9,"s:19:6:19:Infinity":10,"s:22:4:30:Infinity":11,"s:23:26:23:77":12,"s:24:30:24:103":13,"b:24:79:24:99:24:99:24:103":1,"s:25:6:25:Infinity":14,"b:26:6:26:Infinity:undefined:undefined:undefined:undefined":2,"s:26:6:26:Infinity":15,"s:26:31:26:Infinity":16,"s:28:6:28:Infinity":17,"s:30:6:30:Infinity":18,"s:34:27:54:Infinity":19,"f:34:27:34:34":2,"s:35:4:54:Infinity":20,"s:36:6:39:Infinity":21,"s:41:6:41:Infinity":22,"b:43:6:52:Infinity:50:17:52:Infinity":3,"s:43:6:52:Infinity":23,"b:43:10:43:36:43:36:43:56:43:56:43:75":4,"s:44:8:44:Infinity":24,"s:45:20:47:Infinity":25,"b:46:12:46:Infinity:47:12:47:Infinity":5,"s:48:8:48:Infinity":26,"s:49:8:49:Infinity":27,"b:50:17:52:Infinity:undefined:undefined:undefined:undefined":6,"s:50:17:52:Infinity":28,"b:50:17:50:42:50:42:50:60":7,"s:51:8:51:Infinity":29,"s:52:8:52:Infinity":30,"s:54:6:54:Infinity":31,"s:58:28:78:Infinity":32,"f:58:28:58:35":3,"s:59:4:78:Infinity":33,"s:60:6:63:Infinity":34,"s:65:6:65:Infinity":35,"b:67:6:76:Infinity:74:17:76:Infinity":8,"s:67:6:76:Infinity":36,"b:67:10:67:36:67:36:67:56:67:56:67:75":9,"s:68:8:68:Infinity":37,"s:69:20:71:Infinity":38,"b:70:12:70:Infinity:71:12:71:Infinity":10,"s:72:8:72:Infinity":39,"s:73:8:73:Infinity":40,"b:74:17:76:Infinity:undefined:undefined:undefined:undefined":11,"s:74:17:76:Infinity":41,"b:74:17:74:42:74:42:74:60":12,"s:75:8:75:Infinity":42,"s:76:8:76:Infinity":43,"s:78:6:78:Infinity":44,"s:82:21:98:Infinity":45,"f:82:21:82:28":4,"s:83:4:98:Infinity":46,"s:84:6:84:Infinity":47,"s:86:6:86:Infinity":48,"b:88:6:96:Infinity:95:13:96:Infinity":13,"s:88:6:96:Infinity":49,"b:88:10:88:36:88:36:88:56:88:56:88:75":14,"s:89:8:89:Infinity":50,"s:90:20:92:Infinity":51,"b:91:12:91:Infinity:92:12:92:Infinity":15,"s:93:8:93:Infinity":52,"s:94:8:94:Infinity":53,"s:96:8:96:Infinity":54,"s:98:6:98:Infinity":55,"s:102:30:108:Infinity":56,"f:102:30:102:42":5,"s:103:4:108:Infinity":57,"s:105:23:105:67":58,"s:106:6:106:Infinity":59,"f:106:34:106:39":6,"s:106:51:106:81":60,"s:108:6:108:Infinity":61,"s:112:2:124:Infinity":62}}}
,"/home/geoffrey_wong/gemini-cli/projects/example-todo-app/frontend/src/services/api.ts": {"path":"/home/geoffrey_wong/gemini-cli/projects/example-todo-app/frontend/src/services/api.ts","statementMap":{"0":{"start":{"line":4,"column":4},"end":{"line":4,"column":null}},"1":{"start":{"line":5,"column":4},"end":{"line":5,"column":null}},"2":{"start":{"line":6,"column":4},"end":{"line":6,"column":null}},"3":{"start":{"line":16,"column":19},"end":{"line":19,"column":4}},"4":{"start":{"line":21,"column":22},"end":{"line":21,"column":58}},"5":{"start":{"line":24,"column":2},"end":{"line":27,"column":null}},"6":{"start":{"line":25,"column":4},"end":{"line":25,"column":null}},"7":{"start":{"line":27,"column":4},"end":{"line":27,"column":null}},"8":{"start":{"line":30,"column":2},"end":{"line":32,"column":null}},"9":{"start":{"line":31,"column":21},"end":{"line":31,"column":null}},"10":{"start":{"line":32,"column":4},"end":{"line":32,"column":null}},"11":{"start":{"line":35,"column":16},"end":{"line":35,"column":53}},"12":{"start":{"line":36,"column":2},"end":{"line":39,"column":null}}},"fnMap":{"0":{"name":"(anonymous_0)","decl":{"start":{"line":3,"column":2},"end":{"line":3,"column":14}},"loc":{"start":{"line":3,"column":47},"end":{"line":6,"column":null}},"line":3},"1":{"name":"apiClient","decl":{"start":{"line":15,"column":22},"end":{"line":15,"column":35}},"loc":{"start":{"line":15,"column":105},"end":{"line":39,"column":null}},"line":15}},"branchMap":{"0":{"loc":{"start":{"line":15,"column":53},"end":{"line":15,"column":78}},"type":"default-arg","locations":[{"start":{"line":15,"column":76},"end":{"line":15,"column":78}}],"line":15},"1":{"loc":{"start":{"line":24,"column":2},"end":{"line":27,"column":null}},"type":"if","locations":[{"start":{"line":24,"column":2},"end":{"line":27,"column":null}},{"start":{"line":26,"column":9},"end":{"line":27,"column":null}}],"line":24},"2":{"loc":{"start":{"line":24,"column":6},"end":{"line":24,"column":61}},"type":"binary-expr","locations":[{"start":{"line":24,"column":6},"end":{"line":24,"column":21}},{"start":{"line":24,"column":21},"end":{"line":24,"column":61}}],"line":24},"3":{"loc":{"start":{"line":30,"column":2},"end":{"line":32,"column":null}},"type":"if","locations":[{"start":{"line":30,"column":2},"end":{"line":32,"column":null}},{"start":{},"end":{}}],"line":30},"4":{"loc":{"start":{"line":31,"column":21},"end":{"line":31,"column":null}},"type":"cond-expr","locations":[{"start":{"line":31,"column":63},"end":{"line":31,"column":78}},{"start":{"line":31,"column":78},"end":{"line":31,"column":null}}],"line":31},"5":{"loc":{"start":{"line":31,"column":21},"end":{"line":31,"column":63}},"type":"binary-expr","locations":[{"start":{"line":31,"column":21},"end":{"line":31,"column":49}},{"start":{"line":31,"column":49},"end":{"line":31,"column":63}}],"line":31},"6":{"loc":{"start":{"line":31,"column":78},"end":{"line":31,"column":null}},"type":"binary-expr","locations":[{"start":{"line":31,"column":78},"end":{"line":31,"column":86}},{"start":{"line":31,"column":86},"end":{"line":31,"column":null}}],"line":31},"7":{"loc":{"start":{"line":32,"column":40},"end":{"line":32,"column":106}},"type":"cond-expr","locations":[{"start":{"line":32,"column":71},"end":{"line":32,"column":82}},{"start":{"line":32,"column":82},"end":{"line":32,"column":106}}],"line":32},"8":{"loc":{"start":{"line":38,"column":11},"end":{"line":38,"column":null}},"type":"cond-expr","locations":[{"start":{"line":38,"column":19},"end":{"line":38,"column":38}},{"start":{"line":38,"column":41},"end":{"line":38,"column":null}}],"line":38}},"s":{"0":1,"1":1,"2":1,"3":4,"4":4,"5":4,"6":4,"7":0,"8":4,"9":1,"10":1,"11":3,"12":3},"f":{"0":1,"1":4},"b":{"0":[4],"1":[4,0],"2":[4,4],"3":[1,3],"4":[1,0],"5":[1,1],"6":[0,0],"7":[1,0],"8":[1,2]},"meta":{"lastBranch":9,"lastFunction":2,"lastStatement":13,"seen":{"f:3:2:3:14":0,"s:4:4:4:Infinity":0,"s:5:4:5:Infinity":1,"s:6:4:6:Infinity":2,"f:15:22:15:35":1,"b:15:76:15:78":0,"s:16:19:19:4":3,"s:21:22:21:58":4,"b:24:2:27:Infinity:26:9:27:Infinity":1,"s:24:2:27:Infinity":5,"b:24:6:24:21:24:21:24:61":2,"s:25:4:25:Infinity":6,"s:27:4:27:Infinity":7,"b:30:2:32:Infinity:undefined:undefined:undefined:undefined":3,"s:30:2:32:Infinity":8,"s:31:21:31:Infinity":9,"b:31:63:31:78:31:78:31:Infinity":4,"b:31:21:31:49:31:49:31:63":5,"b:31:78:31:86:31:86:31:Infinity":6,"s:32:4:32:Infinity":10,"b:32:71:32:82:32:82:32:106":7,"s:35:16:35:53":11,"s:36:2:39:Infinity":12,"b:38:19:38:38:38:41:38:Infinity":8}}}
}
